<?xml version="1.0" encoding="UTF-8"?>
<!-- Generated by org.testng.reporters.JUnitXMLReporter -->
<testsuite hostname="LAPTOP-8CQ0CDTV" ignored="0" name="Test" tests="5" failures="0" timestamp="30 Jan 2020 22:45:10 GMT" time="3.721" errors="0">
  <testcase name="test_GETALLVideoGames" time="2.219" classname="Test_Package.GETallTEST"/>
  <testcase name="test_POSTVideoGames" time="0.586" classname="Test_Package.POST"/>
  <testcase name="test_getVideoGames" time="0.723" classname="Test_Package.GETtest"/>
  <testcase name="test_UpdateVideoGame" time="0.094" classname="Test_Package.PUTtest"/>
  <testcase name="test_DELETeVideoGame" time="0.038" classname="Test_Package.DELETEtest"/>
</testsuite> <!-- Test -->
